Performing C SOURCE FILE Test CMAKE_HAVE_LIBC_PTHREAD failed with the following output:
Change Dir: /home/jwimd/Study/Computer_Graphic/CG-Project-China-Master/build/CMakeFiles/CMakeTmp

Run Build Command(s):/usr/bin/make cmTC_5ce7c/fast && /usr/bin/make -f CMakeFiles/cmTC_5ce7c.dir/build.make CMakeFiles/cmTC_5ce7c.dir/build
make[1]: 进入目录“/home/jwimd/Study/Computer_Graphic/CG-Project-China-Master/build/CMakeFiles/CMakeTmp”
Building C object CMakeFiles/cmTC_5ce7c.dir/src.c.o
/usr/bin/gcc   -DCMAKE_HAVE_LIBC_PTHREAD   -o CMakeFiles/cmTC_5ce7c.dir/src.c.o   -c /home/jwimd/Study/Computer_Graphic/CG-Project-China-Master/build/CMakeFiles/CMakeTmp/src.c
Linking C executable cmTC_5ce7c
/usr/bin/cmake -E cmake_link_script CMakeFiles/cmTC_5ce7c.dir/link.txt --verbose=1
/usr/bin/gcc  -DCMAKE_HAVE_LIBC_PTHREAD    CMakeFiles/cmTC_5ce7c.dir/src.c.o  -o cmTC_5ce7c 
/usr/bin/ld: CMakeFiles/cmTC_5ce7c.dir/src.c.o: in function `main':
src.c:(.text+0x46): undefined reference to `pthread_create'
/usr/bin/ld: src.c:(.text+0x52): undefined reference to `pthread_detach'
/usr/bin/ld: src.c:(.text+0x63): undefined reference to `pthread_join'
collect2: error: ld returned 1 exit status
make[1]: *** [CMakeFiles/cmTC_5ce7c.dir/build.make:87：cmTC_5ce7c] 错误 1
make[1]: 离开目录“/home/jwimd/Study/Computer_Graphic/CG-Project-China-Master/build/CMakeFiles/CMakeTmp”
make: *** [Makefile:121：cmTC_5ce7c/fast] 错误 2


Source file was:
#include <pthread.h>

void* test_func(void* data)
{
  return data;
}

int main(void)
{
  pthread_t thread;
  pthread_create(&thread, NULL, test_func, NULL);
  pthread_detach(thread);
  pthread_join(thread, NULL);
  pthread_atfork(NULL, NULL, NULL);
  pthread_exit(NULL);

  return 0;
}

Determining if the function pthread_create exists in the pthreads failed with the following output:
Change Dir: /home/jwimd/Study/Computer_Graphic/CG-Project-China-Master/build/CMakeFiles/CMakeTmp

Run Build Command(s):/usr/bin/make cmTC_33a98/fast && /usr/bin/make -f CMakeFiles/cmTC_33a98.dir/build.make CMakeFiles/cmTC_33a98.dir/build
make[1]: 进入目录“/home/jwimd/Study/Computer_Graphic/CG-Project-China-Master/build/CMakeFiles/CMakeTmp”
Building C object CMakeFiles/cmTC_33a98.dir/CheckFunctionExists.c.o
/usr/bin/gcc   -DCHECK_FUNCTION_EXISTS=pthread_create   -o CMakeFiles/cmTC_33a98.dir/CheckFunctionExists.c.o   -c /usr/share/cmake-3.16/Modules/CheckFunctionExists.c
Linking C executable cmTC_33a98
/usr/bin/cmake -E cmake_link_script CMakeFiles/cmTC_33a98.dir/link.txt --verbose=1
/usr/bin/gcc  -DCHECK_FUNCTION_EXISTS=pthread_create    CMakeFiles/cmTC_33a98.dir/CheckFunctionExists.c.o  -o cmTC_33a98  -lpthreads 
/usr/bin/ld: 找不到 -lpthreads
collect2: error: ld returned 1 exit status
make[1]: *** [CMakeFiles/cmTC_33a98.dir/build.make:87：cmTC_33a98] 错误 1
make[1]: 离开目录“/home/jwimd/Study/Computer_Graphic/CG-Project-China-Master/build/CMakeFiles/CMakeTmp”
make: *** [Makefile:121：cmTC_33a98/fast] 错误 2



